[debug] [2018-06-02T20:57:44.654Z] ----------------------------------------------------------------------
[debug] [2018-06-02T20:57:44.656Z] Command:       /usr/local/bin/node /Users/filip/Desktop/apps/oaseprogram/node_modules/.bin/firebase deploy
[debug] [2018-06-02T20:57:44.656Z] CLI Version:   3.17.7
[debug] [2018-06-02T20:57:44.656Z] Platform:      darwin
[debug] [2018-06-02T20:57:44.656Z] Node Version:  v8.10.0
[debug] [2018-06-02T20:57:44.657Z] Time:          Sat Jun 02 2018 22:57:44 GMT+0200 (CEST)
[debug] [2018-06-02T20:57:44.657Z] ----------------------------------------------------------------------
[debug] 
[debug] [2018-06-02T20:57:44.667Z] > command requires scopes: ["email","openid","https://www.googleapis.com/auth/cloudplatformprojects.readonly","https://www.googleapis.com/auth/firebase","https://www.googleapis.com/auth/cloud-platform"]
[debug] [2018-06-02T20:57:44.668Z] > authorizing via signed-in user
[debug] [2018-06-02T20:57:44.669Z] >>> HTTP REQUEST GET https://admin.firebase.com/v1/projects/oaseprogram  
  
 Sat Jun 02 2018 22:57:44 GMT+0200 (CEST)
[debug] [2018-06-02T20:57:45.797Z] <<< HTTP RESPONSE 200
[debug] [2018-06-02T20:57:45.798Z] >>> HTTP REQUEST GET https://admin.firebase.com/v1/database/oaseprogram/tokens  
  
 Sat Jun 02 2018 22:57:45 GMT+0200 (CEST)
[debug] [2018-06-02T20:57:46.912Z] <<< HTTP RESPONSE 200
[info] 
[info] === Deploying to 'oaseprogram'...
[info] 
[info] i  deploying hosting
[info] i  hosting: preparing dist directory for upload...
[debug] [2018-06-02T20:57:48.585Z] >>> HTTP REQUEST PUT https://deploy.firebase.com/v1/hosting/oaseprogram/uploads/-LE1HfswWgs7r16opAtL?fileCount=31&message=  
  
 Sat Jun 02 2018 22:57:48 GMT+0200 (CEST)
